2025-09-17 20:39:14,188 - INFO - Starting training for model: Ours_light_without_K
2025-09-17 20:39:14,188 - INFO - 
================ Running Dataset: THU ================

2025-09-17 20:39:20,061 - INFO - Subject 1 | AUC: 0.8761 | BA: 0.8073 | F1: 0.8479 | TPR: 0.8595 | TNR: 0.7552
2025-09-17 20:39:26,256 - INFO - Subject 10 | AUC: 0.9217 | BA: 0.8433 | F1: 0.8807 | TPR: 0.8790 | TNR: 0.8075
2025-09-17 20:39:32,553 - INFO - Subject 11 | AUC: 0.9004 | BA: 0.8175 | F1: 0.8894 | TPR: 0.8106 | TNR: 0.8244
2025-09-17 20:39:39,852 - INFO - Subject 12 | AUC: 0.8501 | BA: 0.7837 | F1: 0.8530 | TPR: 0.8033 | TNR: 0.7640
2025-09-17 20:39:44,769 - INFO - Subject 13 | AUC: 0.9037 | BA: 0.8126 | F1: 0.8487 | TPR: 0.8689 | TNR: 0.7564
2025-09-17 20:39:51,636 - INFO - Subject 14 | AUC: 0.8030 | BA: 0.7183 | F1: 0.8102 | TPR: 0.7348 | TNR: 0.7017
2025-09-17 20:39:58,965 - INFO - Subject 15 | AUC: 0.9425 | BA: 0.8699 | F1: 0.9024 | TPR: 0.8974 | TNR: 0.8423
2025-09-17 20:40:05,646 - INFO - Subject 16 | AUC: 0.9042 | BA: 0.8153 | F1: 0.8624 | TPR: 0.8525 | TNR: 0.7781
2025-09-17 20:40:14,313 - INFO - Subject 17 | AUC: 0.9655 | BA: 0.8852 | F1: 0.8986 | TPR: 0.9344 | TNR: 0.8360
2025-09-17 20:40:22,321 - INFO - Subject 18 | AUC: 0.9583 | BA: 0.8672 | F1: 0.8812 | TPR: 0.9268 | TNR: 0.8075
2025-09-17 20:40:29,956 - INFO - Subject 19 | AUC: 0.9062 | BA: 0.8287 | F1: 0.8975 | TPR: 0.8211 | TNR: 0.8362
2025-09-17 20:40:36,565 - INFO - Subject 2 | AUC: 0.8402 | BA: 0.7604 | F1: 0.8309 | TPR: 0.7903 | TNR: 0.7304
2025-09-17 20:40:44,611 - INFO - Subject 20 | AUC: 0.9085 | BA: 0.8253 | F1: 0.8871 | TPR: 0.8333 | TNR: 0.8173
2025-09-17 20:40:49,158 - INFO - Subject 21 | AUC: 0.8633 | BA: 0.7910 | F1: 0.8674 | TPR: 0.7951 | TNR: 0.7870
2025-09-17 20:40:58,286 - INFO - Subject 22 | AUC: 0.9745 | BA: 0.9205 | F1: 0.9548 | TPR: 0.9076 | TNR: 0.9335
2025-09-17 20:41:04,052 - INFO - Subject 23 | AUC: 0.8968 | BA: 0.8098 | F1: 0.8499 | TPR: 0.8621 | TNR: 0.7575
2025-09-17 20:41:12,060 - INFO - Subject 24 | AUC: 0.8477 | BA: 0.7891 | F1: 0.8611 | TPR: 0.8017 | TNR: 0.7766
2025-09-17 20:41:18,847 - INFO - Subject 25 | AUC: 0.9480 | BA: 0.8626 | F1: 0.8927 | TPR: 0.8976 | TNR: 0.8275
2025-09-17 20:41:25,844 - INFO - Subject 26 | AUC: 0.6280 | BA: 0.5605 | F1: 0.8757 | TPR: 0.3106 | TNR: 0.8104
2025-09-17 20:41:31,641 - INFO - Subject 27 | AUC: 0.8813 | BA: 0.8210 | F1: 0.9140 | TPR: 0.7778 | TNR: 0.8641
2025-09-17 20:41:40,615 - INFO - Subject 28 | AUC: 0.9831 | BA: 0.9511 | F1: 0.9727 | TPR: 0.9391 | TNR: 0.9631
2025-09-17 20:41:52,179 - INFO - Subject 29 | AUC: 0.9049 | BA: 0.8226 | F1: 0.8922 | TPR: 0.8190 | TNR: 0.8262
2025-09-17 20:41:58,568 - INFO - Subject 3 | AUC: 0.9185 | BA: 0.8333 | F1: 0.9039 | TPR: 0.8197 | TNR: 0.8469
2025-09-17 20:42:05,248 - INFO - Subject 30 | AUC: 0.9535 | BA: 0.8845 | F1: 0.9167 | TPR: 0.9016 | TNR: 0.8674
2025-09-17 20:42:12,176 - INFO - Subject 31 | AUC: 0.8960 | BA: 0.8208 | F1: 0.9163 | TPR: 0.7739 | TNR: 0.8677
2025-09-17 20:42:20,182 - INFO - Subject 32 | AUC: 0.9334 | BA: 0.8732 | F1: 0.9254 | TPR: 0.8629 | TNR: 0.8834
2025-09-17 20:42:30,468 - INFO - Subject 33 | AUC: 0.8162 | BA: 0.7338 | F1: 0.8348 | TPR: 0.7311 | TNR: 0.7365
2025-09-17 20:42:37,219 - INFO - Subject 34 | AUC: 0.9195 | BA: 0.8326 | F1: 0.8519 | TPR: 0.9052 | TNR: 0.7600
2025-09-17 20:42:47,667 - INFO - Subject 35 | AUC: 0.9749 | BA: 0.9147 | F1: 0.9472 | TPR: 0.9091 | TNR: 0.9203
2025-09-17 20:42:54,310 - INFO - Subject 36 | AUC: 0.9372 | BA: 0.8723 | F1: 0.9361 | TPR: 0.8435 | TNR: 0.9012
2025-09-17 20:42:59,518 - INFO - Subject 37 | AUC: 0.9082 | BA: 0.8174 | F1: 0.8495 | TPR: 0.8783 | TNR: 0.7565
2025-09-17 20:43:06,443 - INFO - Subject 38 | AUC: 0.9146 | BA: 0.8654 | F1: 0.9248 | TPR: 0.8487 | TNR: 0.8820
2025-09-17 20:43:13,298 - INFO - Subject 39 | AUC: 0.9225 | BA: 0.8566 | F1: 0.9195 | TPR: 0.8403 | TNR: 0.8729
2025-09-17 20:43:17,751 - INFO - Subject 4 | AUC: 0.7916 | BA: 0.6998 | F1: 0.7148 | TPR: 0.8293 | TNR: 0.5703
2025-09-17 20:43:29,054 - INFO - Subject 40 | AUC: 0.9642 | BA: 0.9281 | F1: 0.9510 | TPR: 0.9304 | TNR: 0.9258
2025-09-17 20:43:41,317 - INFO - Subject 41 | AUC: 0.9601 | BA: 0.9169 | F1: 0.9497 | TPR: 0.9091 | TNR: 0.9247
2025-09-17 20:43:46,112 - INFO - Subject 42 | AUC: 0.7404 | BA: 0.6689 | F1: 0.7447 | TPR: 0.7288 | TNR: 0.6090
2025-09-17 20:43:51,629 - INFO - Subject 43 | AUC: 0.9715 | BA: 0.9275 | F1: 0.9546 | TPR: 0.9224 | TNR: 0.9325
2025-09-17 20:43:58,111 - INFO - Subject 44 | AUC: 0.9476 | BA: 0.8849 | F1: 0.9455 | TPR: 0.8522 | TNR: 0.9177
2025-09-17 20:44:04,469 - INFO - Subject 45 | AUC: 0.8604 | BA: 0.7886 | F1: 0.9414 | TPR: 0.6637 | TNR: 0.9135
2025-09-17 20:44:13,677 - INFO - Subject 46 | AUC: 0.9747 | BA: 0.9390 | F1: 0.9527 | TPR: 0.9492 | TNR: 0.9288
2025-09-17 20:44:22,159 - INFO - Subject 47 | AUC: 0.9701 | BA: 0.8933 | F1: 0.9604 | TPR: 0.8413 | TNR: 0.9454
2025-09-17 20:44:30,752 - INFO - Subject 48 | AUC: 0.9688 | BA: 0.9171 | F1: 0.9452 | TPR: 0.9036 | TNR: 0.9306
2025-09-17 20:44:39,570 - INFO - Subject 49 | AUC: 0.9522 | BA: 0.8920 | F1: 0.9311 | TPR: 0.8746 | TNR: 0.9095
2025-09-17 20:44:47,287 - INFO - Subject 5 | AUC: 0.9099 | BA: 0.8329 | F1: 0.8747 | TPR: 0.8672 | TNR: 0.7985
2025-09-17 20:44:55,991 - INFO - Subject 50 | AUC: 0.9685 | BA: 0.9126 | F1: 0.9480 | TPR: 0.8901 | TNR: 0.9352
2025-09-17 20:45:04,262 - INFO - Subject 51 | AUC: 0.9781 | BA: 0.9266 | F1: 0.9656 | TPR: 0.8913 | TNR: 0.9618
2025-09-17 20:45:14,437 - INFO - Subject 52 | AUC: 0.9360 | BA: 0.8737 | F1: 0.9420 | TPR: 0.8347 | TNR: 0.9127
2025-09-17 20:45:26,539 - INFO - Subject 53 | AUC: 0.9803 | BA: 0.9311 | F1: 0.9753 | TPR: 0.8934 | TNR: 0.9688
2025-09-17 20:45:31,929 - INFO - Subject 54 | AUC: 0.8485 | BA: 0.7753 | F1: 0.8667 | TPR: 0.7647 | TNR: 0.7858
2025-09-17 20:45:41,005 - INFO - Subject 55 | AUC: 0.9089 | BA: 0.8490 | F1: 0.9082 | TPR: 0.8443 | TNR: 0.8538
2025-09-17 20:45:46,059 - INFO - Subject 56 | AUC: 0.8902 | BA: 0.8158 | F1: 0.8781 | TPR: 0.8279 | TNR: 0.8038
2025-09-17 20:45:51,880 - INFO - Subject 57 | AUC: 0.9701 | BA: 0.9386 | F1: 0.9650 | TPR: 0.9262 | TNR: 0.9510
2025-09-17 20:45:58,192 - INFO - Subject 58 | AUC: 0.9546 | BA: 0.8860 | F1: 0.9190 | TPR: 0.9008 | TNR: 0.8712
2025-09-17 20:46:05,589 - INFO - Subject 59 | AUC: 0.9651 | BA: 0.9137 | F1: 0.9548 | TPR: 0.8934 | TNR: 0.9340
2025-09-17 20:46:13,648 - INFO - Subject 6 | AUC: 0.8969 | BA: 0.8275 | F1: 0.9298 | TPR: 0.7623 | TNR: 0.8927
2025-09-17 20:46:22,937 - INFO - Subject 60 | AUC: 0.9425 | BA: 0.8675 | F1: 0.9303 | TPR: 0.8430 | TNR: 0.8920
2025-09-17 20:46:31,724 - INFO - Subject 61 | AUC: 0.9614 | BA: 0.9239 | F1: 0.9719 | TPR: 0.8843 | TNR: 0.9634
2025-09-17 20:46:37,795 - INFO - Subject 62 | AUC: 0.9318 | BA: 0.8678 | F1: 0.9307 | TPR: 0.8430 | TNR: 0.8926
2025-09-17 20:46:45,854 - INFO - Subject 63 | AUC: 0.9642 | BA: 0.9099 | F1: 0.9453 | TPR: 0.9024 | TNR: 0.9174
2025-09-17 20:46:52,666 - INFO - Subject 64 | AUC: 0.9704 | BA: 0.9178 | F1: 0.9688 | TPR: 0.8770 | TNR: 0.9585
2025-09-17 20:46:58,816 - INFO - Subject 7 | AUC: 0.9385 | BA: 0.8669 | F1: 0.9186 | TPR: 0.8632 | TNR: 0.8706
2025-09-17 20:47:06,496 - INFO - Subject 8 | AUC: 0.9108 | BA: 0.8529 | F1: 0.9057 | TPR: 0.8560 | TNR: 0.8498
2025-09-17 20:47:11,598 - INFO - Subject 9 | AUC: 0.6672 | BA: 0.6116 | F1: 0.6826 | TPR: 0.6905 | TNR: 0.5326
2025-09-17 20:47:11,716 - INFO - Average metrics: {'AUC': '0.9109+/-0.0699', 'BA': '0.8441+/-0.0767', 'F1': '0.9011+/-0.0588', 'TPR': '0.8421+/-0.0910', 'TNR': '0.8461+/-0.0927'}
2025-09-17 20:47:11,716 - INFO - Results saved to Experiments\Ours_light_without_K\THU\single-subject\results.csv
2025-09-17 20:47:11,718 - INFO - Finished training and testing!
2025-09-17 20:47:11,718 - INFO - Elapsed time: 7.96 minutes 

